<?xml version="1.0" encoding="UTF-8"?>
<!-- Generated by org.testng.reporters.JUnitXMLReporter -->
<testsuite ignored="0" hostname="DESKTOP-JSOO272" failures="0" tests="3" name="Default test" time="86.512" errors="0" timestamp="2021-02-20T15:43:25 BDT">
  <testcase classname="com.message.YahooLogin" name="sendMessage" time="9.109"/>
  <testcase classname="com.message.YahooLogin" name="validateMessage" time="4.0"/>
  <testcase classname="com.message.YahooLogin" name="logOut" time="26.902"/>
</testsuite> <!-- Default test -->
